<?xml version="1.0" encoding="UTF-8"?>
<!-- Generated by org.testng.reporters.JUnitXMLReporter -->
<testsuite hostname="FissionLabs-PC" ignored="0" name="Regression1" tests="1" failures="0" timestamp="01 Sep 2017 05:44:48 GMT" time="0.051" errors="0">
  <testcase name="@BeforeSuite Initialization" time="3.089" classname="Sample_Group.Sample_Artifact.linkedinSearch">
    <failure type="java.lang.NoSuchMethodError" message="com.google.common.util.concurrent.SimpleTimeLimiter.create(Ljava/util/concurrent/ExecutorService;)Lcom/google/common/util/concurrent/SimpleTimeLimiter;">
      <![CDATA[java.lang.NoSuchMethodError: com.google.common.util.concurrent.SimpleTimeLimiter.create(Ljava/util/concurrent/ExecutorService;)Lcom/google/common/util/concurrent/SimpleTimeLimiter;
	at org.openqa.selenium.net.UrlChecker.<init>(UrlChecker.java:64)
	at org.openqa.selenium.remote.service.DriverService.waitUntilAvailable(DriverService.java:187)
	at org.openqa.selenium.remote.service.DriverService.start(DriverService.java:178)
	at org.openqa.selenium.remote.service.DriverCommandExecutor.execute(DriverCommandExecutor.java:78)
	at org.openqa.selenium.remote.RemoteWebDriver.execute(RemoteWebDriver.java:641)
	at org.openqa.selenium.remote.RemoteWebDriver.startSession(RemoteWebDriver.java:254)
	at org.openqa.selenium.remote.RemoteWebDriver.startSession(RemoteWebDriver.java:236)
	at org.openqa.selenium.remote.RemoteWebDriver.<init>(RemoteWebDriver.java:137)
	at org.openqa.selenium.chrome.ChromeDriver.<init>(ChromeDriver.java:178)
	at org.openqa.selenium.chrome.ChromeDriver.<init>(ChromeDriver.java:167)
	at org.openqa.selenium.chrome.ChromeDriver.<init>(ChromeDriver.java:124)
	at Sample_Group.Sample_Artifact.linkedinSearch.Initialization(linkedinSearch.java:30)
... Removed 19 stack frames]]>
    </failure>
  </testcase> <!-- @BeforeSuite Initialization -->
  <testcase name="@BeforeSuite Initialization" time="0.0" classname="Sample_Group.Sample_Artifact.FlipKartTesting">
    <skipped/>
  </testcase> <!-- @BeforeSuite Initialization -->
  <testcase name="@BeforeTest openSite" time="0.0" classname="Sample_Group.Sample_Artifact.linkedinSearch">
    <skipped/>
  </testcase> <!-- @BeforeTest openSite -->
  <testcase name="@BeforeTest openSite" time="0.0" classname="Sample_Group.Sample_Artifact.FlipKartTesting">
    <skipped/>
  </testcase> <!-- @BeforeTest openSite -->
  <testcase name="@AfterTest aftertest" time="0.0" classname="Sample_Group.Sample_Artifact.linkedinSearch">
    <skipped/>
  </testcase> <!-- @AfterTest aftertest -->
  <testcase name="@AfterTest aftertest" time="0.0" classname="Sample_Group.Sample_Artifact.FlipKartTesting">
    <skipped/>
  </testcase> <!-- @AfterTest aftertest -->
  <testcase name="login" time="0.0" classname="Sample_Group.Sample_Artifact.linkedinSearch">
    <skipped/>
  </testcase> <!-- login -->
</testsuite> <!-- Regression1 -->
