<?xml version="1.0" encoding="UTF-8"?>
<testsuite name="TestSuite" time="20.684" tests="4" errors="0" skipped="0" failures="2">
  <properties>
[...]
</properties>
  <testcase name="login" classname="Sample_Group.Sample_Artifact.FlipKartTesting" time="5.997"/>
  <testcase name="search" classname="Sample_Group.Sample_Artifact.FlipKartTesting" time="5.465"/>
  <testcase name="selectItem" classname="Sample_Group.Sample_Artifact.FlipKartTesting" time="8.541">
    <failure message="element not visible&#10;  (Session info: chrome=60.0.3112.113)&#10;  (Driver info: chromedriver=2.31.488763 (092de99f48a300323ecf8c2a4e2e7cab51de5ba8),platform=Windows NT 6.1.7601 SP1 x86_64) (WARNING: The server did not provide any stacktrace information)&#10;Command duration or timeout: 33 milliseconds&#10;Build info: version: &apos;3.4.0&apos;, revision: &apos;unknown&apos;, time: &apos;unknown&apos;&#10;System info: host: &apos;FISSIONLABS-PC&apos;, ip: &apos;172.16.6.88&apos;, os.name: &apos;Windows 7&apos;, os.arch: &apos;amd64&apos;, os.version: &apos;6.1&apos;, java.version: &apos;1.8.0_144&apos;&#10;Driver info: org.openqa.selenium.chrome.ChromeDriver&#10;Capabilities [{applicationCacheEnabled=false, rotatable=false, mobileEmulationEnabled=false, networkConnectionEnabled=false, chrome={chromedriverVersion=2.31.488763 (092de99f48a300323ecf8c2a4e2e7cab51de5ba8), userDataDir=C:\Users\FISSIO~1\AppData\Local\Temp\scoped_dir3256_13685}, takesHeapSnapshot=true, pageLoadStrategy=normal, databaseEnabled=false, handlesAlerts=true, hasTouchScreen=false, version=60.0.3112.113, platform=XP, browserConnectionEnabled=false, nativeEvents=true, acceptSslCerts=true, locationContextEnabled=true, webStorageEnabled=true, browserName=chrome, takesScreenshot=true, javascriptEnabled=true, cssSelectorsEnabled=true, setWindowRect=true, unexpectedAlertBehaviour=}]&#10;Session ID: 19da6f3cf318920e969cff0507bbad9e" type="org.openqa.selenium.ElementNotVisibleException">org.openqa.selenium.ElementNotVisibleException: element not visible
  (Session info: chrome=60.0.3112.113)
  (Driver info: chromedriver=2.31.488763 (092de99f48a300323ecf8c2a4e2e7cab51de5ba8),platform=Windows NT 6.1.7601 SP1 x86_64) (WARNING: The server did not provide any stacktrace information)
Command duration or timeout: 33 milliseconds
Build info: version: '3.4.0', revision: 'unknown', time: 'unknown'
System info: host: 'FISSIONLABS-PC', ip: '172.16.6.88', os.name: 'Windows 7', os.arch: 'amd64', os.version: '6.1', java.version: '1.8.0_144'
Driver info: org.openqa.selenium.chrome.ChromeDriver
Capabilities [{applicationCacheEnabled=false, rotatable=false, mobileEmulationEnabled=false, networkConnectionEnabled=false, chrome={chromedriverVersion=2.31.488763 (092de99f48a300323ecf8c2a4e2e7cab51de5ba8), userDataDir=C:\Users\FISSIO~1\AppData\Local\Temp\scoped_dir3256_13685}, takesHeapSnapshot=true, pageLoadStrategy=normal, databaseEnabled=false, handlesAlerts=true, hasTouchScreen=false, version=60.0.3112.113, platform=XP, browserConnectionEnabled=false, nativeEvents=true, acceptSslCerts=true, locationContextEnabled=true, webStorageEnabled=true, browserName=chrome, takesScreenshot=true, javascriptEnabled=true, cssSelectorsEnabled=true, setWindowRect=true, unexpectedAlertBehaviour=}]
Session ID: 19da6f3cf318920e969cff0507bbad9e
	at sun.reflect.NativeConstructorAccessorImpl.newInstance0(Native Method)
	at sun.reflect.NativeConstructorAccessorImpl.newInstance(NativeConstructorAccessorImpl.java:62)
	at sun.reflect.DelegatingConstructorAccessorImpl.newInstance(DelegatingConstructorAccessorImpl.java:45)
	at java.lang.reflect.Constructor.newInstance(Constructor.java:423)
	at org.openqa.selenium.remote.ErrorHandler.createThrowable(ErrorHandler.java:215)
	at org.openqa.selenium.remote.ErrorHandler.throwIfResponseFailed(ErrorHandler.java:167)
	at org.openqa.selenium.remote.RemoteWebDriver.execute(RemoteWebDriver.java:671)
	at org.openqa.selenium.remote.RemoteWebElement.execute(RemoteWebElement.java:272)
	at org.openqa.selenium.remote.RemoteWebElement.click(RemoteWebElement.java:82)
	at Sample_Group.Sample_Artifact.FlipKartTesting.clickButton(FlipKartTesting.java:109)
	at Sample_Group.Sample_Artifact.FlipKartTesting.selectItem(FlipKartTesting.java:88)
</failure>
    <system-out><![CDATA[About to begin executing following method : FlipKartTesting.selectItem
Completed executing following method : FlipKartTesting.selectItem
Screenshot taken
***** Error selectItem test has failed *****
***Placed screen shot in ./Screenshots/ ***
]]></system-out>
  </testcase>
  <testcase name="TestcaseToFail" classname="Sample_Group.Sample_Artifact.FlipKartTesting" time="0.681">
    <failure message="expected [InCorrect Title] but found [Shopping Cart | Flipkart.com]" type="java.lang.AssertionError">java.lang.AssertionError: expected [InCorrect Title] but found [Shopping Cart | Flipkart.com]
	at org.testng.Assert.fail(Assert.java:93)
	at org.testng.Assert.failNotEquals(Assert.java:512)
	at org.testng.Assert.assertEqualsImpl(Assert.java:134)
	at org.testng.Assert.assertEquals(Assert.java:115)
	at org.testng.Assert.assertEquals(Assert.java:189)
	at org.testng.Assert.assertEquals(Assert.java:199)
	at Sample_Group.Sample_Artifact.FlipKartTesting.TestcaseToFail(FlipKartTesting.java:94)
</failure>
    <system-out><![CDATA[***** Error selectItem test has failed *****
***Placed screen shot in ./Screenshots/ ***
About to begin executing following method : FlipKartTesting.TestcaseToFail
Completed executing following method : FlipKartTesting.TestcaseToFail
Screenshot taken
***** Error TestcaseToFail test has failed *****
***Placed screen shot in ./Screenshots/ ***
]]></system-out>
  </testcase>
</testsuite>