<?xml version="1.0" encoding="UTF-8"?>
<testng-results skipped="0" failed="0" ignored="0" total="1" passed="1">
  <reporter-output>
  </reporter-output>
  <suite name="Default suite" duration-ms="71104" started-at="2017-09-05T07:42:47Z" finished-at="2017-09-05T07:43:58Z">
    <groups>
    </groups>
    <test name="Default test" duration-ms="71104" started-at="2017-09-05T07:42:47Z" finished-at="2017-09-05T07:43:58Z">
      <class name="Sample_Group.Sample_Artifact.linkedinSearch">
        <test-method status="PASS" signature="Initialization()[pri:0, instance:Sample_Group.Sample_Artifact.linkedinSearch@7cd62f43]" name="Initialization" is-config="true" duration-ms="2789" started-at="2017-09-05T13:12:44Z" finished-at="2017-09-05T13:12:47Z">
          <reporter-output>
          </reporter-output>
        </test-method> <!-- Initialization -->
        <test-method status="PASS" signature="openSite()[pri:0, instance:Sample_Group.Sample_Artifact.linkedinSearch@7cd62f43]" name="openSite" is-config="true" duration-ms="12202" started-at="2017-09-05T13:12:47Z" finished-at="2017-09-05T13:12:59Z">
          <reporter-output>
          </reporter-output>
        </test-method> <!-- openSite -->
        <test-method status="PASS" signature="login()[pri:0, instance:Sample_Group.Sample_Artifact.linkedinSearch@7cd62f43]" name="login" duration-ms="57833" started-at="2017-09-05T13:12:59Z" finished-at="2017-09-05T13:13:57Z">
          <reporter-output>
          </reporter-output>
        </test-method> <!-- login -->
        <test-method status="PASS" signature="aftertest()[pri:0, instance:Sample_Group.Sample_Artifact.linkedinSearch@7cd62f43]" name="aftertest" is-config="true" duration-ms="1042" started-at="2017-09-05T13:13:57Z" finished-at="2017-09-05T13:13:58Z">
          <reporter-output>
          </reporter-output>
        </test-method> <!-- aftertest -->
      </class> <!-- Sample_Group.Sample_Artifact.linkedinSearch -->
    </test> <!-- Default test -->
  </suite> <!-- Default suite -->
</testng-results>
